<?xml version="1.0" encoding="UTF-8"?>
<robot generator="Robot 7.0 (Python 3.11.6 on darwin)" generated="2024-01-17T16:01:45.822271" rpa="false" schemaversion="5">
<suite id="s1" name="TPSEPT2023" source="/Users/dominiquemereaux/code/TPSEPT2023">
<suite id="s1-s1" name="Web" source="/Users/dominiquemereaux/code/TPSEPT2023/web">
<suite id="s1-s1-s1" name="RechercheMultiple" source="/Users/dominiquemereaux/code/TPSEPT2023/web/RechercheMultiple.robot">
<test id="s1-s1-s1-t1" name="recherche MUG" line="9">
<kw name="ouvrir prestashop" owner="prestaMotcle" type="SETUP">
<kw name="Open Browser" owner="SeleniumLibrary">
<msg time="2024-01-17T16:01:45.906418" level="INFO">Opening browser 'gc' to base url 'http://prestashop.qualifiez.fr'.</msg>
<arg>${URL}</arg>
<arg>${BROWSER}</arg>
<arg>executable_path=${PATH}</arg>
<doc>Opens a new browser instance to the optional ``url``.</doc>
<status status="PASS" start="2024-01-17T16:01:45.906265" elapsed="4.124894"/>
</kw>
<kw name="Set Browser Implicit Wait" owner="SeleniumLibrary">
<arg>5</arg>
<doc>Sets the implicit wait value used by Selenium.</doc>
<status status="PASS" start="2024-01-17T16:01:50.031602" elapsed="0.000835"/>
</kw>
<kw name="Title Should Be" owner="SeleniumLibrary">
<msg time="2024-01-17T16:01:50.198916" level="INFO" html="true">&lt;/td&gt;&lt;/tr&gt;&lt;tr&gt;&lt;td colspan="3"&gt;&lt;a href="selenium-screenshot-1.png"&gt;&lt;img src="selenium-screenshot-1.png" width="800px"&gt;&lt;/a&gt;</msg>
<msg time="2024-01-17T16:01:50.199042" level="FAIL">Title should have been 'monPrestashop' but was 'www.qualifiez.fr'.</msg>
<arg>monPrestashop</arg>
<doc>Verifies that the current page title equals ``title``.</doc>
<status status="FAIL" start="2024-01-17T16:01:50.032545" elapsed="0.167979">Title should have been 'monPrestashop' but was 'www.qualifiez.fr'.</status>
</kw>
<kw name="Bidon">
<status status="NOT RUN" start="2024-01-17T16:01:50.201351" elapsed="0.000040"/>
</kw>
<status status="FAIL" start="2024-01-17T16:01:45.905924" elapsed="4.295556">Title should have been 'monPrestashop' but was 'www.qualifiez.fr'.</status>
</kw>
<kw name="fermer prestashop" owner="prestaMotcle" type="TEARDOWN">
<kw name="Close Browser" owner="SeleniumLibrary">
<doc>Closes the current browser.</doc>
<status status="PASS" start="2024-01-17T16:01:50.201830" elapsed="0.065263"/>
</kw>
<status status="PASS" start="2024-01-17T16:01:50.201661" elapsed="0.065525"/>
</kw>
<status status="FAIL" start="2024-01-17T16:01:45.905387" elapsed="4.361844">Setup failed:
Title should have been 'monPrestashop' but was 'www.qualifiez.fr'.</status>
</test>
<test id="s1-s1-s1-t2" name="recherche T-Shirt" line="9">
<kw name="ouvrir prestashop" owner="prestaMotcle" type="SETUP">
<kw name="Open Browser" owner="SeleniumLibrary">
<msg time="2024-01-17T16:01:50.268573" level="INFO">Opening browser 'gc' to base url 'http://prestashop.qualifiez.fr'.</msg>
<arg>${URL}</arg>
<arg>${BROWSER}</arg>
<arg>executable_path=${PATH}</arg>
<doc>Opens a new browser instance to the optional ``url``.</doc>
<status status="PASS" start="2024-01-17T16:01:50.268406" elapsed="4.114678"/>
</kw>
<kw name="Set Browser Implicit Wait" owner="SeleniumLibrary">
<arg>5</arg>
<doc>Sets the implicit wait value used by Selenium.</doc>
<status status="PASS" start="2024-01-17T16:01:54.383357" elapsed="0.000677"/>
</kw>
<kw name="Title Should Be" owner="SeleniumLibrary">
<msg time="2024-01-17T16:01:54.561081" level="INFO" html="true">&lt;/td&gt;&lt;/tr&gt;&lt;tr&gt;&lt;td colspan="3"&gt;&lt;a href="selenium-screenshot-2.png"&gt;&lt;img src="selenium-screenshot-2.png" width="800px"&gt;&lt;/a&gt;</msg>
<msg time="2024-01-17T16:01:54.561213" level="FAIL">Title should have been 'monPrestashop' but was 'www.qualifiez.fr'.</msg>
<arg>monPrestashop</arg>
<doc>Verifies that the current page title equals ``title``.</doc>
<status status="FAIL" start="2024-01-17T16:01:54.384130" elapsed="0.177367">Title should have been 'monPrestashop' but was 'www.qualifiez.fr'.</status>
</kw>
<kw name="Bidon">
<status status="NOT RUN" start="2024-01-17T16:01:54.562559" elapsed="0.000047"/>
</kw>
<status status="FAIL" start="2024-01-17T16:01:50.268195" elapsed="4.294502">Title should have been 'monPrestashop' but was 'www.qualifiez.fr'.</status>
</kw>
<kw name="fermer prestashop" owner="prestaMotcle" type="TEARDOWN">
<kw name="Close Browser" owner="SeleniumLibrary">
<doc>Closes the current browser.</doc>
<status status="PASS" start="2024-01-17T16:01:54.563051" elapsed="0.066636"/>
</kw>
<status status="PASS" start="2024-01-17T16:01:54.562875" elapsed="0.066911"/>
</kw>
<status status="FAIL" start="2024-01-17T16:01:50.267446" elapsed="4.362387">Setup failed:
Title should have been 'monPrestashop' but was 'www.qualifiez.fr'.</status>
</test>
<status status="FAIL" start="2024-01-17T16:01:45.833410" elapsed="8.796903"/>
</suite>
<status status="FAIL" start="2024-01-17T16:01:45.832723" elapsed="8.798020"/>
</suite>
<status status="FAIL" start="2024-01-17T16:01:45.826082" elapsed="8.804887"/>
</suite>
<statistics>
<total>
<stat pass="0" fail="2" skip="0">All Tests</stat>
</total>
<tag>
</tag>
<suite>
<stat pass="0" fail="2" skip="0" id="s1" name="TPSEPT2023">TPSEPT2023</stat>
<stat pass="0" fail="2" skip="0" id="s1-s1" name="Web">TPSEPT2023.Web</stat>
<stat pass="0" fail="2" skip="0" id="s1-s1-s1" name="RechercheMultiple">TPSEPT2023.Web.RechercheMultiple</stat>
</suite>
</statistics>
<errors>
<msg time="2024-01-17T16:01:45.900573" level="ERROR">Error in file '/Users/dominiquemereaux/code/TPSEPT2023/web/prestaMotcle.resource' on line 2: Importing library 'maLib' failed: ModuleNotFoundError: No module named 'maLib'
Traceback (most recent call last):
  None
PYTHONPATH:
  /opt/homebrew/bin
  /opt/homebrew/Cellar/python@3.11/3.11.6/Frameworks/Python.framework/Versions/3.11/lib/python311.zip
  /opt/homebrew/Cellar/python@3.11/3.11.6/Frameworks/Python.framework/Versions/3.11/lib/python3.11
  /opt/homebrew/Cellar/python@3.11/3.11.6/Frameworks/Python.framework/Versions/3.11/lib/python3.11/lib-dynload
  /opt/homebrew/lib/python3.11/site-packages
  /opt/homebrew/lib/python3.11/site-packages/gpg-1.22.0-py3.11-macosx-12-arm64.egg
  /opt/homebrew/opt/python-tk@3.11/libexec</msg>
</errors>
</robot>
